Removed Pin From Net: NetName=NetC2_2 Pin=C5-1
Removed Pin From Net: NetName=NetC2_2 Pin=C6-1
Removed Pin From Net: NetName=NetC4_2 Pin=C7-1
Removed Pin From Net: NetName=NetC4_2 Pin=C8-1
Removed Pin From Net: NetName=NetC2_2 Pin=R1-1
Removed Pin From Net: NetName=NetC2_1 Pin=R2-1
Removed Pin From Net: NetName=NetC4_2 Pin=R3-1
Removed Pin From Net: NetName=NetC4_1 Pin=R4-1
Removed Pin From Net: NetName=NetC2_2 Pin=U3-9
Removed Pin From Net: NetName=NetC2_1 Pin=U3-18
Removed Pin From Net: NetName=NetC4_2 Pin=U4-9
Removed Pin From Net: NetName=NetC4_1 Pin=U4-18
Added Pin To Net: NetName=GND Pin=C5-1
Added Pin To Net: NetName=GND Pin=C6-1
Added Pin To Net: NetName=GND Pin=C7-1
Added Pin To Net: NetName=GND Pin=C8-1
Added Pin To Net: NetName=GND Pin=R1-1
Added Pin To Net: NetName=NetC1_1 Pin=R2-1
Added Pin To Net: NetName=GND Pin=R3-1
Added Pin To Net: NetName=NetC1_1 Pin=R4-1
Added Pin To Net: NetName=GND Pin=U3-9
Added Pin To Net: NetName=NetC1_1 Pin=U3-18
Added Pin To Net: NetName=GND Pin=U4-9
Added Pin To Net: NetName=NetC1_1 Pin=U4-18
